[debug] [2020-09-21T07:10:14.666Z] ----------------------------------------------------------------------
[debug] [2020-09-21T07:10:14.674Z] Command:       C:\Program Files\nodejs\node.exe C:\Users\User\AppData\Roaming\npm\node_modules\firebase-tools\lib\bin\firebase.js deploy --only functions
[debug] [2020-09-21T07:10:14.675Z] CLI Version:   8.10.0
[debug] [2020-09-21T07:10:14.676Z] Platform:      win32
[debug] [2020-09-21T07:10:14.676Z] Node Version:  v12.18.4
[debug] [2020-09-21T07:10:14.680Z] Time:          Mon Sep 21 2020 12:40:14 GMT+0530 (India Standard Time)
[debug] [2020-09-21T07:10:14.681Z] ----------------------------------------------------------------------
[debug] [2020-09-21T07:10:14.681Z] 
[debug] [2020-09-21T07:10:14.720Z] > command requires scopes: ["email","openid","https://www.googleapis.com/auth/cloudplatformprojects.readonly","https://www.googleapis.com/auth/firebase","https://www.googleapis.com/auth/cloud-platform"]
[debug] [2020-09-21T07:10:14.723Z] > authorizing via signed-in user
[debug] [2020-09-21T07:10:14.724Z] [iam] checking project assistant-pro-43339 for permissions ["cloudfunctions.functions.create","cloudfunctions.functions.delete","cloudfunctions.functions.get","cloudfunctions.functions.list","cloudfunctions.functions.update","cloudfunctions.operations.get","firebase.projects.get"]
[debug] [2020-09-21T07:10:14.735Z] >>> HTTP REQUEST POST https://cloudresourcemanager.googleapis.com/v1/projects/assistant-pro-43339:testIamPermissions  
 {"permissions":["cloudfunctions.functions.create","cloudfunctions.functions.delete","cloudfunctions.functions.get","cloudfunctions.functions.list","cloudfunctions.functions.update","cloudfunctions.operations.get","firebase.projects.get"]}
[debug] [2020-09-21T07:10:25.842Z] [iam] error while checking permissions, command may fail: FirebaseError: Server Error. getaddrinfo ENOTFOUND cloudresourcemanager.googleapis.com
[debug] [2020-09-21T07:10:25.845Z] >>> HTTP REQUEST POST https://iam.googleapis.com/v1/projects/assistant-pro-43339/serviceAccounts/assistant-pro-43339@appspot.gserviceaccount.com:testIamPermissions  
 {"permissions":["iam.serviceAccounts.actAs"]}
[debug] [2020-09-21T07:10:36.929Z] [functions] service account IAM check errored, deploy may fail: Server Error. getaddrinfo ENOTFOUND iam.googleapis.com {"name":"FirebaseError","children":[],"exit":2,"message":"Server Error. getaddrinfo ENOTFOUND iam.googleapis.com","original":{"errno":"ENOTFOUND","code":"ENOTFOUND","syscall":"getaddrinfo","hostname":"iam.googleapis.com"},"status":500}
[info] 
[info] === Deploying to 'assistant-pro-43339'...
[info] 
[info] i  deploying functions 
[debug] [2020-09-21T07:10:48.755Z] > [functions] package.json contents: {
  "name": "functions",
  "description": "Cloud Functions for Firebase",
  "scripts": {
    "serve": "firebase emulators:start --only functions",
    "shell": "firebase functions:shell",
    "start": "npm run shell",
    "deploy": "firebase deploy --only functions",
    "logs": "firebase functions:log"
  },
  "engines": {
    "node": "10"
  },
  "main": "index.js",
  "dependencies": {
    "firebase-admin": "^8.10.0",
    "firebase-functions": "^3.6.1"
  },
  "devDependencies": {
    "firebase-functions-test": "^0.2.0"
  },
  "private": true
}
[info] i  functions: ensuring required API cloudfunctions.googleapis.com is enabled... 
[info] i  functions: ensuring required API cloudbuild.googleapis.com is enabled... 
[debug] [2020-09-21T07:10:55.622Z] >>> HTTP REQUEST GET https://serviceusage.googleapis.com/v1/projects/assistant-pro-43339/services/cloudfunctions.googleapis.com  
 
[debug] [2020-09-21T07:10:55.625Z] >>> HTTP REQUEST GET https://serviceusage.googleapis.com/v1/projects/assistant-pro-43339/services/runtimeconfig.googleapis.com  
 
[debug] [2020-09-21T07:10:55.626Z] >>> HTTP REQUEST GET https://serviceusage.googleapis.com/v1/projects/assistant-pro-43339/services/cloudbuild.googleapis.com  
 
[debug] [2020-09-21T07:10:55.808Z] Error: getaddrinfo ENOTFOUND serviceusage.googleapis.com
    at GetAddrInfoReqWrap.onlookup [as oncomplete] (dns.js:66:26)
[error] 
[error] Error: Server Error. getaddrinfo ENOTFOUND serviceusage.googleapis.com
